<?xml version="1.0" encoding="UTF-8"?>
<!-- Generated by org.testng.reporters.JUnitReportReporter -->
<testsuite hostname="DESKTOP-4NOFQS3" failures="0" tests="2" name="com.test.Demo" time="32.353" errors="0" timestamp="08 Jun 2023 18:20:03 GMT" skipped="0">
  <testcase classname="com.test.Demo" name="TitleTest" time="22.353"/>
  <testcase classname="com.test.Demo" name="urlTest" time="10.000"/>
</testsuite> <!-- com.test.Demo -->
